{"message":"server started on port 3000","level":"info","timestamp":"2021-06-30T15:00:47.205Z"}
{"message":"SIGINT RECEIVED. Shutting down gracefully","level":"warn","timestamp":"2021-06-30T15:00:51.638Z"}
{"message":"💥 Process terminated!","level":"info","timestamp":"2021-06-30T15:00:51.639Z"}
{"message":"Unable to connect to the database:' connect ETIMEDOUT","level":"error","timestamp":"2021-06-30T15:00:57.233Z"}
{"message":"server started on port 3000","level":"info","timestamp":"2021-06-30T15:01:43.017Z"}
{"message":"Unable to connect to the database:' connect ETIMEDOUT","level":"error","timestamp":"2021-06-30T15:01:53.048Z"}
{"message":"server started on port 3000","level":"info","timestamp":"2021-06-30T15:03:37.493Z"}
{"message":"We are connected to the database","level":"info","timestamp":"2021-06-30T15:03:37.618Z"}
{"message":"SIGINT RECEIVED. Shutting down gracefully","level":"warn","timestamp":"2021-06-30T15:03:43.621Z"}
{"message":"💥 Process terminated!","level":"info","timestamp":"2021-06-30T15:03:43.622Z"}
{"message":"server started on port 3000","level":"info","timestamp":"2021-06-30T15:26:35.190Z"}
{"message":"We are connected to the database","level":"info","timestamp":"2021-06-30T15:26:35.293Z"}
{"message":"server started on port 3000","level":"info","timestamp":"2021-06-30T15:26:36.260Z"}
{"message":"We are connected to the database","level":"info","timestamp":"2021-06-30T15:26:36.330Z"}
{"message":"SIGINT RECEIVED. Shutting down gracefully","level":"warn","timestamp":"2021-06-30T15:26:41.915Z"}
{"message":"💥 Process terminated!","level":"info","timestamp":"2021-06-30T15:26:41.915Z"}
{"message":"server started on port 3000","level":"info","timestamp":"2021-06-30T15:45:24.837Z"}
{"message":"We are connected to the database","level":"info","timestamp":"2021-06-30T15:45:24.897Z"}
{"message":"SIGINT RECEIVED. Shutting down gracefully","level":"warn","timestamp":"2021-06-30T15:47:27.713Z"}
{"message":"💥 Process terminated!","level":"info","timestamp":"2021-06-30T15:47:27.714Z"}
{"message":"server started on port 3000","level":"info","timestamp":"2021-06-30T15:53:19.487Z"}
{"message":"We are connected to the database","level":"info","timestamp":"2021-06-30T15:53:19.548Z"}
{"message":"Error occured: Error: Not found","level":"error","timestamp":"2021-06-30T15:54:13.647Z"}
{"message":"Error occured: Error: Not found","level":"error","timestamp":"2021-06-30T15:54:17.670Z"}
{"message":"server started on port 3000","level":"info","timestamp":"2021-06-30T15:56:04.526Z"}
{"message":"We are connected to the database","level":"info","timestamp":"2021-06-30T15:56:04.595Z"}
{"message":"server started on port 3000","level":"info","timestamp":"2021-06-30T15:56:09.991Z"}
{"message":"We are connected to the database","level":"info","timestamp":"2021-06-30T15:56:10.052Z"}
{"message":"server started on port 3000","level":"info","timestamp":"2021-06-30T15:57:43.689Z"}
{"message":"We are connected to the database","level":"info","timestamp":"2021-06-30T15:57:43.752Z"}
{"message":"server started on port 3000","level":"info","timestamp":"2021-06-30T15:58:39.295Z"}
{"message":"We are connected to the database","level":"info","timestamp":"2021-06-30T15:58:39.356Z"}
{"message":"server started on port 3000","level":"info","timestamp":"2021-06-30T15:59:21.197Z"}
{"message":"We are connected to the database","level":"info","timestamp":"2021-06-30T15:59:21.259Z"}
{"message":"server started on port 3000","level":"info","timestamp":"2021-06-30T15:59:57.412Z"}
{"message":"We are connected to the database","level":"info","timestamp":"2021-06-30T15:59:57.476Z"}
{"message":"server started on port 3000","level":"info","timestamp":"2021-06-30T16:00:11.868Z"}
{"message":"We are connected to the database","level":"info","timestamp":"2021-06-30T16:00:11.929Z"}
{"message":"server started on port 3000","level":"info","timestamp":"2021-06-30T16:02:31.546Z"}
{"message":"We are connected to the database","level":"info","timestamp":"2021-06-30T16:02:31.607Z"}
{"message":"server started on port 3000","level":"info","timestamp":"2021-06-30T16:02:52.252Z"}
{"message":"We are connected to the database","level":"info","timestamp":"2021-06-30T16:02:52.318Z"}
{"message":"server started on port 3000","level":"info","timestamp":"2021-06-30T16:03:10.678Z"}
{"message":"We are connected to the database","level":"info","timestamp":"2021-06-30T16:03:10.753Z"}
{"message":"server started on port 3000","level":"info","timestamp":"2021-06-30T16:06:34.831Z"}
{"message":"We are connected to the database","level":"info","timestamp":"2021-06-30T16:06:34.895Z"}
{"message":"server started on port 3000","level":"info","timestamp":"2021-06-30T16:07:03.907Z"}
{"message":"We are connected to the database","level":"info","timestamp":"2021-06-30T16:07:03.976Z"}
{"message":"server started on port 3000","level":"info","timestamp":"2021-06-30T16:09:54.528Z"}
{"message":"We are connected to the database","level":"info","timestamp":"2021-06-30T16:09:54.590Z"}
{"message":"SIGINT RECEIVED. Shutting down gracefully","level":"warn","timestamp":"2021-06-30T16:09:58.712Z"}
{"message":"💥 Process terminated!","level":"info","timestamp":"2021-06-30T16:09:58.713Z"}
{"message":"server started on port 3000","level":"info","timestamp":"2021-06-30T16:18:25.414Z"}
{"message":"We are connected to the database","level":"info","timestamp":"2021-06-30T16:18:25.476Z"}
{"message":"server started on port 3000","level":"info","timestamp":"2021-06-30T16:19:35.122Z"}
{"message":"We are connected to the database","level":"info","timestamp":"2021-06-30T16:19:35.268Z"}
{"message":"server started on port 3000","level":"info","timestamp":"2021-06-30T16:20:08.269Z"}
{"message":"We are connected to the database","level":"info","timestamp":"2021-06-30T16:20:08.335Z"}
{"message":"server started on port 3000","level":"info","timestamp":"2021-06-30T16:22:16.398Z"}
{"message":"We are connected to the database","level":"info","timestamp":"2021-06-30T16:22:16.465Z"}
{"message":"SIGINT RECEIVED. Shutting down gracefully","level":"warn","timestamp":"2021-06-30T16:22:18.365Z"}
{"message":"💥 Process terminated!","level":"info","timestamp":"2021-06-30T16:22:18.367Z"}
{"message":"server started on port 3000","level":"info","timestamp":"2021-06-30T16:31:49.824Z"}
{"message":"We are connected to the database","level":"info","timestamp":"2021-06-30T16:31:49.887Z"}
{"message":"server started on port 3000","level":"info","timestamp":"2021-06-30T16:32:30.589Z"}
{"message":"We are connected to the database","level":"info","timestamp":"2021-06-30T16:32:30.652Z"}
{"message":"server started on port 3000","level":"info","timestamp":"2021-06-30T16:34:10.995Z"}
{"message":"We are connected to the database","level":"info","timestamp":"2021-06-30T16:34:11.056Z"}
{"message":"server started on port 3000","level":"info","timestamp":"2021-06-30T16:34:12.453Z"}
{"message":"We are connected to the database","level":"info","timestamp":"2021-06-30T16:34:12.514Z"}
{"message":"server started on port 3000","level":"info","timestamp":"2021-06-30T16:34:14.401Z"}
{"message":"We are connected to the database","level":"info","timestamp":"2021-06-30T16:34:14.462Z"}
{"message":"server started on port 3000","level":"info","timestamp":"2021-06-30T16:34:15.690Z"}
{"message":"We are connected to the database","level":"info","timestamp":"2021-06-30T16:34:15.752Z"}
{"message":"server started on port 3000","level":"info","timestamp":"2021-06-30T16:35:29.079Z"}
{"message":"We are connected to the database","level":"info","timestamp":"2021-06-30T16:35:29.160Z"}
{"message":"server started on port 3000","level":"info","timestamp":"2021-06-30T16:36:15.046Z"}
{"message":"We are connected to the database","level":"info","timestamp":"2021-06-30T16:36:15.109Z"}
{"message":"Error occured: Error: Not found","level":"error","timestamp":"2021-06-30T16:36:33.934Z"}
{"message":"server started on port 3000","level":"info","timestamp":"2021-06-30T16:38:17.439Z"}
{"message":"We are connected to the database","level":"info","timestamp":"2021-06-30T16:38:17.505Z"}
{"message":"server started on port 3000","level":"info","timestamp":"2021-06-30T16:40:30.854Z"}
{"message":"We are connected to the database","level":"info","timestamp":"2021-06-30T16:40:30.917Z"}
{"message":"server started on port 3000","level":"info","timestamp":"2021-06-30T16:42:02.467Z"}
{"message":"We are connected to the database","level":"info","timestamp":"2021-06-30T16:42:02.528Z"}
{"message":"server started on port 3000","level":"info","timestamp":"2021-06-30T16:42:04.440Z"}
{"message":"We are connected to the database","level":"info","timestamp":"2021-06-30T16:42:04.502Z"}
{"message":"server started on port 3000","level":"info","timestamp":"2021-06-30T16:42:44.447Z"}
{"message":"We are connected to the database","level":"info","timestamp":"2021-06-30T16:42:44.519Z"}
{"message":"server started on port 3000","level":"info","timestamp":"2021-06-30T16:42:53.978Z"}
{"message":"We are connected to the database","level":"info","timestamp":"2021-06-30T16:42:54.040Z"}
{"message":"SIGINT RECEIVED. Shutting down gracefully","level":"warn","timestamp":"2021-06-30T16:43:17.519Z"}
{"message":"💥 Process terminated!","level":"info","timestamp":"2021-06-30T16:43:17.523Z"}
{"message":"server started on port 3000","level":"info","timestamp":"2021-07-02T15:16:49.194Z"}
{"message":"Unable to connect to the database:' syntax error at or near \"SERIAL\"","level":"error","timestamp":"2021-07-02T15:16:49.236Z"}
{"message":"server started on port 3000","level":"info","timestamp":"2021-07-02T15:17:35.157Z"}
{"message":"We are connected to the database","level":"info","timestamp":"2021-07-02T15:17:35.227Z"}
{"message":"server started on port 3000","level":"info","timestamp":"2021-07-02T15:21:07.953Z"}
{"message":"We are connected to the database","level":"info","timestamp":"2021-07-02T15:21:08.025Z"}
{"message":"server started on port 3000","level":"info","timestamp":"2021-07-02T15:21:40.745Z"}
{"message":"We are connected to the database","level":"info","timestamp":"2021-07-02T15:21:40.805Z"}
{"message":"server started on port 3000","level":"info","timestamp":"2021-07-02T15:25:41.315Z"}
{"message":"We are connected to the database","level":"info","timestamp":"2021-07-02T15:25:41.387Z"}
{"message":"server started on port 3000","level":"info","timestamp":"2021-07-02T15:28:05.124Z"}
{"message":"We are connected to the database","level":"info","timestamp":"2021-07-02T15:28:05.186Z"}
{"message":"Error occured: Error: Not found","level":"error","timestamp":"2021-07-02T15:30:49.358Z"}
{"message":"Error occured: Error: Not found","level":"error","timestamp":"2021-07-02T15:30:49.363Z"}
{"message":"Error occured: Error: Not found","level":"error","timestamp":"2021-07-02T15:30:49.364Z"}
{"message":"Error occured: Error: Not found","level":"error","timestamp":"2021-07-02T15:30:49.411Z"}
{"message":"Error occured: Error: Not found","level":"error","timestamp":"2021-07-02T15:30:49.457Z"}
{"message":"Error occured: Error: Not found","level":"error","timestamp":"2021-07-02T15:30:49.757Z"}
{"message":"Error occured: Error: Not found","level":"error","timestamp":"2021-07-02T15:30:51.026Z"}
{"message":"Error occured: Error: Not found","level":"error","timestamp":"2021-07-02T15:31:08.791Z"}
{"message":"Error occured: Error: Not found","level":"error","timestamp":"2021-07-02T15:31:08.792Z"}
{"message":"Error occured: Error: Not found","level":"error","timestamp":"2021-07-02T15:31:08.793Z"}
{"message":"Error occured: Error: Not found","level":"error","timestamp":"2021-07-02T15:31:09.463Z"}
{"message":"Error occured: Error: Not found","level":"error","timestamp":"2021-07-02T15:31:09.470Z"}
{"message":"Error occured: Error: Not found","level":"error","timestamp":"2021-07-02T15:31:09.480Z"}
{"message":"Error occured: Error: Not found","level":"error","timestamp":"2021-07-02T15:31:09.551Z"}
{"message":"Error occured: Error: Not found","level":"error","timestamp":"2021-07-02T15:31:11.043Z"}
{"message":"server started on port 3000","level":"info","timestamp":"2021-07-02T15:32:46.345Z"}
{"message":"We are connected to the database","level":"info","timestamp":"2021-07-02T15:32:46.400Z"}
{"message":"server started on port 3000","level":"info","timestamp":"2021-07-02T15:33:08.143Z"}
{"message":"We are connected to the database","level":"info","timestamp":"2021-07-02T15:33:08.199Z"}
{"message":"server started on port 3000","level":"info","timestamp":"2021-07-02T15:33:19.062Z"}
{"message":"We are connected to the database","level":"info","timestamp":"2021-07-02T15:33:19.119Z"}
{"message":"server started on port 3000","level":"info","timestamp":"2021-07-02T15:34:04.371Z"}
{"message":"We are connected to the database","level":"info","timestamp":"2021-07-02T15:34:04.429Z"}
{"message":"server started on port 3000","level":"info","timestamp":"2021-07-02T15:34:24.062Z"}
{"message":"We are connected to the database","level":"info","timestamp":"2021-07-02T15:34:24.116Z"}
{"message":"server started on port 3000","level":"info","timestamp":"2021-07-02T15:37:26.949Z"}
{"message":"We are connected to the database","level":"info","timestamp":"2021-07-02T15:37:27.006Z"}
{"message":"server started on port 3000","level":"info","timestamp":"2021-07-02T15:41:52.419Z"}
{"message":"We are connected to the database","level":"info","timestamp":"2021-07-02T15:41:52.498Z"}
{"message":"server started on port 3000","level":"info","timestamp":"2021-07-02T15:42:20.964Z"}
{"message":"We are connected to the database","level":"info","timestamp":"2021-07-02T15:42:21.022Z"}
{"message":"server started on port 3000","level":"info","timestamp":"2021-07-02T15:42:22.611Z"}
{"message":"We are connected to the database","level":"info","timestamp":"2021-07-02T15:42:22.668Z"}
{"message":"server started on port 3000","level":"info","timestamp":"2021-07-02T15:49:45.186Z"}
{"message":"We are connected to the database","level":"info","timestamp":"2021-07-02T15:49:45.247Z"}
{"message":"server started on port 3000","level":"info","timestamp":"2021-07-02T15:49:49.550Z"}
{"message":"We are connected to the database","level":"info","timestamp":"2021-07-02T15:49:49.609Z"}
{"message":"server started on port 3000","level":"info","timestamp":"2021-07-02T15:50:27.709Z"}
{"message":"We are connected to the database","level":"info","timestamp":"2021-07-02T15:50:27.768Z"}
{"message":"server started on port 3000","level":"info","timestamp":"2021-07-02T15:50:32.807Z"}
{"message":"We are connected to the database","level":"info","timestamp":"2021-07-02T15:50:32.867Z"}
{"message":"server started on port 3000","level":"info","timestamp":"2021-07-02T15:50:52.823Z"}
{"message":"We are connected to the database","level":"info","timestamp":"2021-07-02T15:50:52.883Z"}
{"message":"server started on port 3000","level":"info","timestamp":"2021-07-02T15:51:23.400Z"}
{"message":"We are connected to the database","level":"info","timestamp":"2021-07-02T15:51:23.459Z"}
{"message":"server started on port 3000","level":"info","timestamp":"2021-07-02T15:53:00.710Z"}
{"message":"We are connected to the database","level":"info","timestamp":"2021-07-02T15:53:00.770Z"}
{"message":"server started on port 3000","level":"info","timestamp":"2021-07-02T15:53:05.760Z"}
{"message":"We are connected to the database","level":"info","timestamp":"2021-07-02T15:53:05.817Z"}
{"message":"server started on port 3000","level":"info","timestamp":"2021-07-02T15:53:22.639Z"}
{"message":"We are connected to the database","level":"info","timestamp":"2021-07-02T15:53:22.702Z"}
{"message":"server started on port 3000","level":"info","timestamp":"2021-07-02T15:53:34.031Z"}
{"message":"We are connected to the database","level":"info","timestamp":"2021-07-02T15:53:34.088Z"}
{"message":"server started on port 3000","level":"info","timestamp":"2021-07-02T15:53:42.699Z"}
{"message":"We are connected to the database","level":"info","timestamp":"2021-07-02T15:53:42.759Z"}
{"message":"server started on port 3000","level":"info","timestamp":"2021-07-02T15:53:44.874Z"}
{"message":"We are connected to the database","level":"info","timestamp":"2021-07-02T15:53:44.943Z"}
{"message":"server started on port 3000","level":"info","timestamp":"2021-07-02T15:53:57.014Z"}
{"message":"We are connected to the database","level":"info","timestamp":"2021-07-02T15:53:57.073Z"}
{"message":"server started on port 3000","level":"info","timestamp":"2021-07-02T15:54:17.745Z"}
{"message":"We are connected to the database","level":"info","timestamp":"2021-07-02T15:54:17.801Z"}
{"message":"server started on port 3000","level":"info","timestamp":"2021-07-02T15:54:24.180Z"}
{"message":"We are connected to the database","level":"info","timestamp":"2021-07-02T15:54:24.237Z"}
{"message":"server started on port 3000","level":"info","timestamp":"2021-07-02T15:54:29.687Z"}
{"message":"We are connected to the database","level":"info","timestamp":"2021-07-02T15:54:29.744Z"}
{"message":"server started on port 3000","level":"info","timestamp":"2021-07-02T15:54:37.763Z"}
{"message":"We are connected to the database","level":"info","timestamp":"2021-07-02T15:54:37.825Z"}
{"message":"server started on port 3000","level":"info","timestamp":"2021-07-02T15:54:44.053Z"}
{"message":"We are connected to the database","level":"info","timestamp":"2021-07-02T15:54:44.108Z"}
{"message":"server started on port 3000","level":"info","timestamp":"2021-07-02T15:54:46.449Z"}
{"message":"We are connected to the database","level":"info","timestamp":"2021-07-02T15:54:46.509Z"}
{"message":"server started on port 3000","level":"info","timestamp":"2021-07-02T15:55:03.589Z"}
{"message":"We are connected to the database","level":"info","timestamp":"2021-07-02T15:55:03.650Z"}
{"message":"server started on port 3000","level":"info","timestamp":"2021-07-02T15:57:23.630Z"}
{"message":"We are connected to the database","level":"info","timestamp":"2021-07-02T15:57:23.691Z"}
{"message":"server started on port 3000","level":"info","timestamp":"2021-07-02T15:57:25.752Z"}
{"message":"We are connected to the database","level":"info","timestamp":"2021-07-02T15:57:25.813Z"}
{"message":"server started on port 3000","level":"info","timestamp":"2021-07-02T15:57:28.415Z"}
{"message":"We are connected to the database","level":"info","timestamp":"2021-07-02T15:57:28.484Z"}
{"message":"server started on port 5000","level":"info","timestamp":"2021-07-02T15:58:52.259Z"}
{"message":"We are connected to the database","level":"info","timestamp":"2021-07-02T15:58:52.314Z"}
{"message":"server started on port 5000","level":"info","timestamp":"2021-07-02T16:00:25.979Z"}
{"message":"We are connected to the database","level":"info","timestamp":"2021-07-02T16:00:26.038Z"}
{"message":"server started on port 5000","level":"info","timestamp":"2021-07-02T16:00:30.860Z"}
{"message":"We are connected to the database","level":"info","timestamp":"2021-07-02T16:00:30.922Z"}
{"message":"server started on port 5000","level":"info","timestamp":"2021-07-02T16:01:48.746Z"}
{"message":"We are connected to the database","level":"info","timestamp":"2021-07-02T16:01:48.802Z"}
{"message":"Error occured: Error: Not found","level":"error","timestamp":"2021-07-02T16:04:29.289Z"}
{"message":"Error occured: Error: Not found","level":"error","timestamp":"2021-07-02T16:04:29.422Z"}
{"message":"server started on port 5000","level":"info","timestamp":"2021-07-02T16:04:49.650Z"}
{"message":"We are connected to the database","level":"info","timestamp":"2021-07-02T16:04:49.704Z"}
{"message":"server started on port 5000","level":"info","timestamp":"2021-07-02T16:05:29.288Z"}
{"message":"We are connected to the database","level":"info","timestamp":"2021-07-02T16:05:29.346Z"}
{"message":"server started on port 5000","level":"info","timestamp":"2021-07-02T16:05:55.004Z"}
{"message":"We are connected to the database","level":"info","timestamp":"2021-07-02T16:05:55.058Z"}
{"message":"server started on port 5000","level":"info","timestamp":"2021-07-02T16:06:05.060Z"}
{"message":"server started on port 5000","level":"info","timestamp":"2021-07-02T16:06:05.966Z"}
{"message":"We are connected to the database","level":"info","timestamp":"2021-07-02T16:06:06.027Z"}
{"message":"Error occured: Error: Not found","level":"error","timestamp":"2021-07-02T16:06:44.838Z"}
{"message":"server started on port 5000","level":"info","timestamp":"2021-07-02T16:06:54.260Z"}
{"message":"We are connected to the database","level":"info","timestamp":"2021-07-02T16:06:54.317Z"}
{"message":"server started on port 5000","level":"info","timestamp":"2021-07-02T16:07:41.810Z"}
{"message":"We are connected to the database","level":"info","timestamp":"2021-07-02T16:07:41.869Z"}
{"message":"server started on port 5000","level":"info","timestamp":"2021-07-02T16:09:02.471Z"}
{"message":"We are connected to the database","level":"info","timestamp":"2021-07-02T16:09:02.531Z"}
{"message":"SIGINT RECEIVED. Shutting down gracefully","level":"warn","timestamp":"2021-07-02T16:11:44.159Z"}
{"message":"server started on port 5000","level":"info","timestamp":"2021-07-02T16:11:46.643Z"}
{"message":"We are connected to the database","level":"info","timestamp":"2021-07-02T16:11:46.700Z"}
{"message":"💥 Process terminated!","level":"info","timestamp":"2021-07-02T16:13:14.090Z"}
{"message":"SIGINT RECEIVED. Shutting down gracefully","level":"warn","timestamp":"2021-07-02T16:18:02.689Z"}
{"message":"server started on port 5000","level":"info","timestamp":"2021-07-02T16:18:05.713Z"}
{"message":"We are connected to the database","level":"info","timestamp":"2021-07-02T16:18:05.770Z"}
{"message":"server started on port 5000","level":"info","timestamp":"2021-07-02T16:19:08.627Z"}
{"message":"We are connected to the database","level":"info","timestamp":"2021-07-02T16:19:08.690Z"}
{"message":"💥 Process terminated!","level":"info","timestamp":"2021-07-02T16:20:00.711Z"}
{"message":"server started on port 5000","level":"info","timestamp":"2021-07-02T16:23:38.349Z"}
{"message":"We are connected to the database","level":"info","timestamp":"2021-07-02T16:23:38.410Z"}
{"message":"server started on port 5000","level":"info","timestamp":"2021-07-02T16:23:59.578Z"}
{"message":"We are connected to the database","level":"info","timestamp":"2021-07-02T16:23:59.637Z"}
{"message":"server started on port 5000","level":"info","timestamp":"2021-07-02T16:24:49.769Z"}
{"message":"We are connected to the database","level":"info","timestamp":"2021-07-02T16:24:49.828Z"}
{"message":"server started on port 5000","level":"info","timestamp":"2021-07-02T16:26:23.656Z"}
{"message":"We are connected to the database","level":"info","timestamp":"2021-07-02T16:26:23.722Z"}
{"message":"server started on port 5000","level":"info","timestamp":"2021-07-02T16:26:27.097Z"}
{"message":"We are connected to the database","level":"info","timestamp":"2021-07-02T16:26:27.167Z"}
{"message":"server started on port 5000","level":"info","timestamp":"2021-07-02T16:36:52.453Z"}
{"message":"We are connected to the database","level":"info","timestamp":"2021-07-02T16:36:52.518Z"}
{"message":"server started on port 5000","level":"info","timestamp":"2021-07-02T16:45:16.628Z"}
{"message":"We are connected to the database","level":"info","timestamp":"2021-07-02T16:45:16.698Z"}
{"message":"server started on port 5000","level":"info","timestamp":"2021-07-02T16:45:45.450Z"}
{"message":"We are connected to the database","level":"info","timestamp":"2021-07-02T16:45:45.518Z"}
{"message":"server started on port 5000","level":"info","timestamp":"2021-07-02T16:45:47.468Z"}
{"message":"We are connected to the database","level":"info","timestamp":"2021-07-02T16:45:47.531Z"}
{"message":"server started on port 5000","level":"info","timestamp":"2021-07-02T16:45:53.052Z"}
{"message":"We are connected to the database","level":"info","timestamp":"2021-07-02T16:45:53.108Z"}
{"message":"server started on port 5000","level":"info","timestamp":"2021-07-02T16:45:56.688Z"}
{"message":"We are connected to the database","level":"info","timestamp":"2021-07-02T16:45:56.745Z"}
{"message":"server started on port 5000","level":"info","timestamp":"2021-07-02T16:46:06.293Z"}
{"message":"We are connected to the database","level":"info","timestamp":"2021-07-02T16:46:06.352Z"}
{"message":"server started on port 5000","level":"info","timestamp":"2021-07-02T16:46:13.908Z"}
{"message":"We are connected to the database","level":"info","timestamp":"2021-07-02T16:46:13.967Z"}
{"message":"server started on port 5000","level":"info","timestamp":"2021-07-02T16:47:07.188Z"}
{"message":"We are connected to the database","level":"info","timestamp":"2021-07-02T16:47:07.247Z"}
{"message":"server started on port 5000","level":"info","timestamp":"2021-07-02T16:50:21.452Z"}
{"message":"We are connected to the database","level":"info","timestamp":"2021-07-02T16:50:21.513Z"}
{"message":"server started on port 5000","level":"info","timestamp":"2021-07-02T16:58:53.301Z"}
{"message":"We are connected to the database","level":"info","timestamp":"2021-07-02T16:58:53.362Z"}
{"message":"server started on port 5000","level":"info","timestamp":"2021-07-02T16:58:54.493Z"}
{"message":"We are connected to the database","level":"info","timestamp":"2021-07-02T16:58:54.599Z"}
{"message":"server started on port 5000","level":"info","timestamp":"2021-07-02T16:59:55.651Z"}
{"message":"We are connected to the database","level":"info","timestamp":"2021-07-02T16:59:55.711Z"}
{"message":"server started on port 5000","level":"info","timestamp":"2021-07-02T17:00:16.666Z"}
{"message":"We are connected to the database","level":"info","timestamp":"2021-07-02T17:00:16.737Z"}
{"message":"server started on port 5000","level":"info","timestamp":"2021-07-02T17:00:20.852Z"}
{"message":"We are connected to the database","level":"info","timestamp":"2021-07-02T17:00:20.915Z"}
{"message":"server started on port 5000","level":"info","timestamp":"2021-07-02T17:00:25.495Z"}
{"message":"We are connected to the database","level":"info","timestamp":"2021-07-02T17:00:25.560Z"}
{"message":"server started on port 5000","level":"info","timestamp":"2021-07-02T17:01:10.327Z"}
{"message":"We are connected to the database","level":"info","timestamp":"2021-07-02T17:01:10.388Z"}
{"message":"server started on port 5000","level":"info","timestamp":"2021-07-02T17:01:45.249Z"}
{"message":"We are connected to the database","level":"info","timestamp":"2021-07-02T17:01:45.311Z"}
{"message":"server started on port 5000","level":"info","timestamp":"2021-07-02T17:02:30.055Z"}
{"message":"We are connected to the database","level":"info","timestamp":"2021-07-02T17:02:30.116Z"}
{"message":"server started on port 5000","level":"info","timestamp":"2021-07-02T17:02:44.333Z"}
{"message":"We are connected to the database","level":"info","timestamp":"2021-07-02T17:02:44.394Z"}
{"message":"server started on port 5000","level":"info","timestamp":"2021-07-02T17:03:00.055Z"}
{"message":"We are connected to the database","level":"info","timestamp":"2021-07-02T17:03:00.113Z"}
{"message":"server started on port 5000","level":"info","timestamp":"2021-07-02T17:03:02.092Z"}
{"message":"We are connected to the database","level":"info","timestamp":"2021-07-02T17:03:02.156Z"}
{"message":"server started on port 5000","level":"info","timestamp":"2021-07-02T17:03:04.126Z"}
{"message":"We are connected to the database","level":"info","timestamp":"2021-07-02T17:03:04.192Z"}
{"message":"server started on port 5000","level":"info","timestamp":"2021-07-02T17:03:05.666Z"}
{"message":"We are connected to the database","level":"info","timestamp":"2021-07-02T17:03:05.734Z"}
{"message":"server started on port 5000","level":"info","timestamp":"2021-07-02T17:03:15.931Z"}
{"message":"We are connected to the database","level":"info","timestamp":"2021-07-02T17:03:15.988Z"}
{"message":"server started on port 5000","level":"info","timestamp":"2021-07-02T17:03:39.931Z"}
{"message":"We are connected to the database","level":"info","timestamp":"2021-07-02T17:03:39.992Z"}
{"message":"server started on port 5000","level":"info","timestamp":"2021-07-02T17:03:45.469Z"}
{"message":"We are connected to the database","level":"info","timestamp":"2021-07-02T17:03:45.526Z"}
{"message":"server started on port 5000","level":"info","timestamp":"2021-07-02T17:04:03.521Z"}
{"message":"We are connected to the database","level":"info","timestamp":"2021-07-02T17:04:03.581Z"}
{"message":"server started on port 5000","level":"info","timestamp":"2021-07-02T17:05:26.362Z"}
{"message":"We are connected to the database","level":"info","timestamp":"2021-07-02T17:05:26.424Z"}
{"message":"server started on port 5000","level":"info","timestamp":"2021-07-02T17:06:28.240Z"}
{"message":"We are connected to the database","level":"info","timestamp":"2021-07-02T17:06:28.301Z"}
{"message":"server started on port 5000","level":"info","timestamp":"2021-07-02T17:07:01.735Z"}
{"message":"We are connected to the database","level":"info","timestamp":"2021-07-02T17:07:01.797Z"}
{"message":"server started on port 5000","level":"info","timestamp":"2021-07-02T17:07:08.433Z"}
{"message":"We are connected to the database","level":"info","timestamp":"2021-07-02T17:07:08.494Z"}
{"message":"server started on port 5000","level":"info","timestamp":"2021-07-02T17:07:13.170Z"}
{"message":"We are connected to the database","level":"info","timestamp":"2021-07-02T17:07:13.228Z"}
{"message":"server started on port 5000","level":"info","timestamp":"2021-07-02T17:07:29.105Z"}
{"message":"We are connected to the database","level":"info","timestamp":"2021-07-02T17:07:29.164Z"}
{"message":"server started on port 5000","level":"info","timestamp":"2021-07-02T17:07:35.936Z"}
{"message":"We are connected to the database","level":"info","timestamp":"2021-07-02T17:07:35.996Z"}
{"message":"server started on port 5000","level":"info","timestamp":"2021-07-02T17:07:59.367Z"}
{"message":"We are connected to the database","level":"info","timestamp":"2021-07-02T17:07:59.428Z"}
{"message":"server started on port 5000","level":"info","timestamp":"2021-07-02T17:08:09.456Z"}
{"message":"We are connected to the database","level":"info","timestamp":"2021-07-02T17:08:09.512Z"}
{"message":"server started on port 5000","level":"info","timestamp":"2021-07-02T17:08:34.929Z"}
{"message":"We are connected to the database","level":"info","timestamp":"2021-07-02T17:08:34.995Z"}
{"message":"server started on port 5000","level":"info","timestamp":"2021-07-02T17:17:39.897Z"}
{"message":"We are connected to the database","level":"info","timestamp":"2021-07-02T17:17:39.957Z"}
{"message":"server started on port 5000","level":"info","timestamp":"2021-07-02T17:17:41.869Z"}
{"message":"We are connected to the database","level":"info","timestamp":"2021-07-02T17:17:41.928Z"}
{"message":"server started on port 5000","level":"info","timestamp":"2021-07-02T17:17:56.333Z"}
{"message":"We are connected to the database","level":"info","timestamp":"2021-07-02T17:17:56.391Z"}
{"message":"server started on port 5000","level":"info","timestamp":"2021-07-02T17:19:22.452Z"}
{"message":"We are connected to the database","level":"info","timestamp":"2021-07-02T17:19:22.512Z"}
{"message":"server started on port 5000","level":"info","timestamp":"2021-07-02T17:23:57.812Z"}
{"message":"We are connected to the database","level":"info","timestamp":"2021-07-02T17:23:57.868Z"}
{"message":"server started on port 5000","level":"info","timestamp":"2021-07-02T17:24:06.038Z"}
{"message":"We are connected to the database","level":"info","timestamp":"2021-07-02T17:24:06.098Z"}
{"message":"server started on port 5000","level":"info","timestamp":"2021-07-02T17:24:09.304Z"}
{"message":"We are connected to the database","level":"info","timestamp":"2021-07-02T17:24:09.365Z"}
{"message":"server started on port 5000","level":"info","timestamp":"2021-07-02T17:24:13.100Z"}
{"message":"We are connected to the database","level":"info","timestamp":"2021-07-02T17:24:13.159Z"}
{"message":"server started on port 5000","level":"info","timestamp":"2021-07-02T17:24:18.827Z"}
{"message":"We are connected to the database","level":"info","timestamp":"2021-07-02T17:24:18.887Z"}
{"message":"server started on port 5000","level":"info","timestamp":"2021-07-02T17:24:31.192Z"}
{"message":"We are connected to the database","level":"info","timestamp":"2021-07-02T17:24:31.250Z"}
{"message":"server started on port 5000","level":"info","timestamp":"2021-07-02T17:24:36.887Z"}
{"message":"We are connected to the database","level":"info","timestamp":"2021-07-02T17:24:36.950Z"}
{"message":"server started on port 5000","level":"info","timestamp":"2021-07-02T17:24:37.979Z"}
{"message":"We are connected to the database","level":"info","timestamp":"2021-07-02T17:24:38.033Z"}
{"message":"server started on port 5000","level":"info","timestamp":"2021-07-02T17:24:45.630Z"}
{"message":"We are connected to the database","level":"info","timestamp":"2021-07-02T17:24:45.690Z"}
{"message":"server started on port 5000","level":"info","timestamp":"2021-07-02T17:24:59.129Z"}
{"message":"We are connected to the database","level":"info","timestamp":"2021-07-02T17:24:59.187Z"}
{"message":"server started on port 5000","level":"info","timestamp":"2021-07-02T17:25:27.886Z"}
{"message":"We are connected to the database","level":"info","timestamp":"2021-07-02T17:25:27.945Z"}
{"message":"server started on port 5000","level":"info","timestamp":"2021-07-02T17:25:37.380Z"}
{"message":"We are connected to the database","level":"info","timestamp":"2021-07-02T17:25:37.460Z"}
{"message":"server started on port 5000","level":"info","timestamp":"2021-07-02T17:29:25.341Z"}
{"message":"We are connected to the database","level":"info","timestamp":"2021-07-02T17:29:25.398Z"}
{"message":"SIGINT RECEIVED. Shutting down gracefully","level":"warn","timestamp":"2021-07-02T17:36:45.853Z"}
{"message":"💥 Process terminated!","level":"info","timestamp":"2021-07-02T17:36:45.854Z"}
{"message":"server started on port 5000","level":"info","timestamp":"2021-07-03T04:46:47.961Z"}
{"message":"We are connected to the database","level":"info","timestamp":"2021-07-03T04:46:48.023Z"}
{"message":"server started on port 5000","level":"info","timestamp":"2021-07-03T04:48:19.054Z"}
{"message":"We are connected to the database","level":"info","timestamp":"2021-07-03T04:48:19.117Z"}
{"message":"server started on port 5000","level":"info","timestamp":"2021-07-03T04:51:48.814Z"}
{"message":"We are connected to the database","level":"info","timestamp":"2021-07-03T04:51:48.890Z"}
{"message":"server started on port 5000","level":"info","timestamp":"2021-07-03T04:52:06.615Z"}
{"message":"We are connected to the database","level":"info","timestamp":"2021-07-03T04:52:06.678Z"}
{"message":"server started on port 5000","level":"info","timestamp":"2021-07-03T04:52:30.785Z"}
{"message":"We are connected to the database","level":"info","timestamp":"2021-07-03T04:52:30.847Z"}
{"message":"server started on port 5000","level":"info","timestamp":"2021-07-03T04:52:31.934Z"}
{"message":"We are connected to the database","level":"info","timestamp":"2021-07-03T04:52:32.001Z"}
{"message":"server started on port 5000","level":"info","timestamp":"2021-07-03T04:52:41.019Z"}
{"message":"We are connected to the database","level":"info","timestamp":"2021-07-03T04:52:41.087Z"}
{"message":"server started on port 5000","level":"info","timestamp":"2021-07-03T04:53:18.608Z"}
{"message":"We are connected to the database","level":"info","timestamp":"2021-07-03T04:53:18.680Z"}
{"message":"server started on port 5000","level":"info","timestamp":"2021-07-03T04:54:39.173Z"}
{"message":"We are connected to the database","level":"info","timestamp":"2021-07-03T04:54:39.239Z"}
{"message":"server started on port 5000","level":"info","timestamp":"2021-07-03T04:54:42.448Z"}
{"message":"We are connected to the database","level":"info","timestamp":"2021-07-03T04:54:42.512Z"}
{"message":"server started on port 5000","level":"info","timestamp":"2021-07-03T04:54:50.411Z"}
{"message":"We are connected to the database","level":"info","timestamp":"2021-07-03T04:54:50.476Z"}
{"message":"server started on port 5000","level":"info","timestamp":"2021-07-03T04:55:15.085Z"}
{"message":"We are connected to the database","level":"info","timestamp":"2021-07-03T04:55:15.147Z"}
{"message":"server started on port 5000","level":"info","timestamp":"2021-07-03T05:01:47.859Z"}
{"message":"We are connected to the database","level":"info","timestamp":"2021-07-03T05:01:47.931Z"}
{"message":"server started on port 5000","level":"info","timestamp":"2021-07-03T05:02:15.311Z"}
{"message":"We are connected to the database","level":"info","timestamp":"2021-07-03T05:02:15.380Z"}
{"message":"server started on port 5000","level":"info","timestamp":"2021-07-03T05:02:23.537Z"}
{"message":"We are connected to the database","level":"info","timestamp":"2021-07-03T05:02:23.610Z"}
{"message":"server started on port 5000","level":"info","timestamp":"2021-07-03T05:05:43.617Z"}
{"message":"We are connected to the database","level":"info","timestamp":"2021-07-03T05:05:43.681Z"}
{"message":"server started on port 5000","level":"info","timestamp":"2021-07-03T05:06:57.405Z"}
{"message":"We are connected to the database","level":"info","timestamp":"2021-07-03T05:06:57.471Z"}
{"message":"server started on port 5000","level":"info","timestamp":"2021-07-03T05:09:10.525Z"}
{"message":"We are connected to the database","level":"info","timestamp":"2021-07-03T05:09:10.592Z"}
{"message":"server started on port 5000","level":"info","timestamp":"2021-07-03T05:09:17.228Z"}
{"message":"We are connected to the database","level":"info","timestamp":"2021-07-03T05:09:17.296Z"}
{"message":"server started on port 5000","level":"info","timestamp":"2021-07-03T05:09:23.578Z"}
{"message":"We are connected to the database","level":"info","timestamp":"2021-07-03T05:09:23.641Z"}
{"message":"server started on port 5000","level":"info","timestamp":"2021-07-03T05:09:25.952Z"}
{"message":"We are connected to the database","level":"info","timestamp":"2021-07-03T05:09:26.021Z"}
{"message":"server started on port 5000","level":"info","timestamp":"2021-07-03T05:09:46.402Z"}
{"message":"We are connected to the database","level":"info","timestamp":"2021-07-03T05:09:46.463Z"}
{"message":"server started on port 5000","level":"info","timestamp":"2021-07-03T05:10:03.605Z"}
{"message":"We are connected to the database","level":"info","timestamp":"2021-07-03T05:10:03.697Z"}
{"message":"server started on port 5000","level":"info","timestamp":"2021-07-03T05:10:53.743Z"}
{"message":"We are connected to the database","level":"info","timestamp":"2021-07-03T05:10:53.809Z"}
{"message":"server started on port 5000","level":"info","timestamp":"2021-07-03T05:11:08.945Z"}
{"message":"We are connected to the database","level":"info","timestamp":"2021-07-03T05:11:09.006Z"}
{"message":"server started on port 5000","level":"info","timestamp":"2021-07-03T05:12:15.371Z"}
{"message":"We are connected to the database","level":"info","timestamp":"2021-07-03T05:12:15.442Z"}
{"message":"server started on port 5000","level":"info","timestamp":"2021-07-03T05:18:42.877Z"}
{"message":"We are connected to the database","level":"info","timestamp":"2021-07-03T05:18:42.939Z"}
{"message":"server started on port 5000","level":"info","timestamp":"2021-07-03T05:19:10.045Z"}
{"message":"We are connected to the database","level":"info","timestamp":"2021-07-03T05:19:10.113Z"}
{"message":"server started on port 5000","level":"info","timestamp":"2021-07-03T05:19:45.663Z"}
{"message":"We are connected to the database","level":"info","timestamp":"2021-07-03T05:19:45.733Z"}
{"message":"server started on port 5000","level":"info","timestamp":"2021-07-03T05:20:01.760Z"}
{"message":"We are connected to the database","level":"info","timestamp":"2021-07-03T05:20:01.836Z"}
{"message":"server started on port 5000","level":"info","timestamp":"2021-07-03T05:22:14.483Z"}
{"message":"We are connected to the database","level":"info","timestamp":"2021-07-03T05:22:14.548Z"}
{"message":"server started on port 5000","level":"info","timestamp":"2021-07-03T05:22:28.221Z"}
{"message":"We are connected to the database","level":"info","timestamp":"2021-07-03T05:22:28.287Z"}
{"message":"server started on port 5000","level":"info","timestamp":"2021-07-03T05:29:18.756Z"}
{"message":"We are connected to the database","level":"info","timestamp":"2021-07-03T05:29:18.825Z"}
{"message":"server started on port 5000","level":"info","timestamp":"2021-07-03T05:32:31.500Z"}
{"message":"We are connected to the database","level":"info","timestamp":"2021-07-03T05:32:31.572Z"}
{"message":"server started on port 5000","level":"info","timestamp":"2021-07-03T05:32:56.772Z"}
{"message":"We are connected to the database","level":"info","timestamp":"2021-07-03T05:32:56.837Z"}
{"message":"server started on port 5000","level":"info","timestamp":"2021-07-03T05:33:01.638Z"}
{"message":"We are connected to the database","level":"info","timestamp":"2021-07-03T05:33:01.704Z"}
{"message":"server started on port 5000","level":"info","timestamp":"2021-07-03T05:34:22.773Z"}
{"message":"We are connected to the database","level":"info","timestamp":"2021-07-03T05:34:22.839Z"}
{"message":"server started on port 5000","level":"info","timestamp":"2021-07-03T05:34:25.823Z"}
{"message":"We are connected to the database","level":"info","timestamp":"2021-07-03T05:34:25.889Z"}
{"message":"server started on port 5000","level":"info","timestamp":"2021-07-03T05:37:00.133Z"}
{"message":"We are connected to the database","level":"info","timestamp":"2021-07-03T05:37:00.212Z"}
{"message":"server started on port 5000","level":"info","timestamp":"2021-07-03T05:37:06.816Z"}
{"message":"We are connected to the database","level":"info","timestamp":"2021-07-03T05:37:06.882Z"}
{"message":"server started on port 5000","level":"info","timestamp":"2021-07-03T05:37:27.480Z"}
{"message":"We are connected to the database","level":"info","timestamp":"2021-07-03T05:37:27.544Z"}
{"message":"SIGINT RECEIVED. Shutting down gracefully","level":"warn","timestamp":"2021-07-03T05:38:26.350Z"}
{"message":"💥 Process terminated!","level":"info","timestamp":"2021-07-03T05:38:26.351Z"}
{"message":"server started on port 5000","level":"info","timestamp":"2021-07-03T06:20:00.562Z"}
{"message":"We are connected to the database","level":"info","timestamp":"2021-07-03T06:20:00.637Z"}
{"message":"server started on port 5000","level":"info","timestamp":"2021-07-03T06:21:19.862Z"}
{"message":"We are connected to the database","level":"info","timestamp":"2021-07-03T06:21:19.934Z"}
{"message":"server started on port 5000","level":"info","timestamp":"2021-07-03T06:33:38.554Z"}
{"message":"We are connected to the database","level":"info","timestamp":"2021-07-03T06:33:38.625Z"}
{"message":"server started on port 5000","level":"info","timestamp":"2021-07-03T06:33:49.660Z"}
{"message":"We are connected to the database","level":"info","timestamp":"2021-07-03T06:33:49.743Z"}
{"message":"Validation Error on: '/login'","level":"warn","timestamp":"2021-07-03T06:34:18.833Z"}
{"message":"server started on port 5000","level":"info","timestamp":"2021-07-03T06:35:35.209Z"}
{"message":"We are connected to the database","level":"info","timestamp":"2021-07-03T06:35:35.273Z"}
{"message":"server started on port 5000","level":"info","timestamp":"2021-07-03T06:36:04.034Z"}
{"message":"We are connected to the database","level":"info","timestamp":"2021-07-03T06:36:04.098Z"}
{"message":"server started on port 5000","level":"info","timestamp":"2021-07-03T06:36:15.484Z"}
{"message":"We are connected to the database","level":"info","timestamp":"2021-07-03T06:36:15.549Z"}
{"message":"server started on port 5000","level":"info","timestamp":"2021-07-03T06:36:20.434Z"}
{"message":"We are connected to the database","level":"info","timestamp":"2021-07-03T06:36:20.498Z"}
{"message":"server started on port 5000","level":"info","timestamp":"2021-07-03T06:36:25.290Z"}
{"message":"We are connected to the database","level":"info","timestamp":"2021-07-03T06:36:25.352Z"}
{"message":"server started on port 5000","level":"info","timestamp":"2021-07-03T06:36:30.799Z"}
{"message":"We are connected to the database","level":"info","timestamp":"2021-07-03T06:36:30.869Z"}
{"message":"server started on port 5000","level":"info","timestamp":"2021-07-03T06:36:36.010Z"}
{"message":"We are connected to the database","level":"info","timestamp":"2021-07-03T06:36:36.073Z"}
{"message":"JWT: jwt must be provided","level":"error","timestamp":"2021-07-03T06:36:52.854Z"}
{"message":"Error occured: Error [ERR_HTTP_HEADERS_SENT]: Cannot set headers after they are sent to the client","level":"error","timestamp":"2021-07-03T06:36:52.857Z"}
{"message":"server started on port 5000","level":"info","timestamp":"2021-07-03T06:37:21.102Z"}
{"message":"We are connected to the database","level":"info","timestamp":"2021-07-03T06:37:21.169Z"}
{"message":"JWT: jwt must be provided","level":"error","timestamp":"2021-07-03T06:37:23.411Z"}
{"message":"Error occured: Error [ERR_HTTP_HEADERS_SENT]: Cannot set headers after they are sent to the client","level":"error","timestamp":"2021-07-03T06:37:23.415Z"}
{"message":"server started on port 5000","level":"info","timestamp":"2021-07-03T06:38:03.009Z"}
{"message":"server started on port 5000","level":"info","timestamp":"2021-07-03T06:38:03.941Z"}
{"message":"We are connected to the database","level":"info","timestamp":"2021-07-03T06:38:04.013Z"}
{"message":"JWT: invalid token","level":"error","timestamp":"2021-07-03T06:38:23.455Z"}
{"message":"server started on port 5000","level":"info","timestamp":"2021-07-03T06:39:23.847Z"}
{"message":"We are connected to the database","level":"info","timestamp":"2021-07-03T06:39:23.920Z"}
{"message":"JWT: invalid token","level":"error","timestamp":"2021-07-03T06:39:25.324Z"}
{"message":"server started on port 5000","level":"info","timestamp":"2021-07-03T06:39:31.705Z"}
{"message":"We are connected to the database","level":"info","timestamp":"2021-07-03T06:39:31.771Z"}
{"message":"server started on port 5000","level":"info","timestamp":"2021-07-03T06:39:45.648Z"}
{"message":"We are connected to the database","level":"info","timestamp":"2021-07-03T06:39:45.713Z"}
{"message":"server started on port 5000","level":"info","timestamp":"2021-07-03T06:39:48.281Z"}
{"message":"We are connected to the database","level":"info","timestamp":"2021-07-03T06:39:48.344Z"}
{"message":"server started on port 5000","level":"info","timestamp":"2021-07-03T06:40:08.434Z"}
{"message":"We are connected to the database","level":"info","timestamp":"2021-07-03T06:40:08.498Z"}
{"message":"Error occured: Error: Not found","level":"error","timestamp":"2021-07-03T06:55:44.685Z"}
{"message":"Error occured: Error: Not found","level":"error","timestamp":"2021-07-03T06:55:44.787Z"}
{"message":"server started on port 5000","level":"info","timestamp":"2021-07-03T06:57:03.574Z"}
{"message":"We are connected to the database","level":"info","timestamp":"2021-07-03T06:57:03.641Z"}
{"message":"JWT: jwt malformed","level":"error","timestamp":"2021-07-03T07:00:43.491Z"}
{"message":"JWT: jwt malformed","level":"error","timestamp":"2021-07-03T07:01:04.857Z"}
{"message":"JWT: jwt malformed","level":"error","timestamp":"2021-07-03T07:01:47.351Z"}
{"message":"server started on port 5000","level":"info","timestamp":"2021-07-03T07:02:48.725Z"}
{"message":"We are connected to the database","level":"info","timestamp":"2021-07-03T07:02:48.830Z"}
{"message":"JWT: jwt malformed","level":"error","timestamp":"2021-07-03T07:03:59.559Z"}
{"message":"JWT: jwt malformed","level":"error","timestamp":"2021-07-03T07:04:29.719Z"}
{"message":"JWT: jwt malformed","level":"error","timestamp":"2021-07-03T07:05:40.281Z"}
{"message":"server started on port 5000","level":"info","timestamp":"2021-07-03T07:07:11.941Z"}
{"message":"We are connected to the database","level":"info","timestamp":"2021-07-03T07:07:12.007Z"}
{"message":"server started on port 5000","level":"info","timestamp":"2021-07-03T07:08:30.017Z"}
{"message":"We are connected to the database","level":"info","timestamp":"2021-07-03T07:08:30.087Z"}
{"message":"server started on port 5000","level":"info","timestamp":"2021-07-03T07:08:33.781Z"}
{"message":"We are connected to the database","level":"info","timestamp":"2021-07-03T07:08:33.842Z"}
{"message":"Error occured: TypeError: Cannot read property 'split' of undefined","level":"error","timestamp":"2021-07-03T07:26:45.935Z"}
{"message":"JWT: jwt expired","level":"error","timestamp":"2021-07-03T07:26:58.193Z"}
{"message":"JWT: jwt malformed","level":"error","timestamp":"2021-07-03T07:27:43.603Z"}
{"message":"server started on port 5000","level":"info","timestamp":"2021-07-03T07:28:31.529Z"}
{"message":"We are connected to the database","level":"info","timestamp":"2021-07-03T07:28:31.600Z"}
{"message":"server started on port 5000","level":"info","timestamp":"2021-07-03T07:29:01.599Z"}
{"message":"We are connected to the database","level":"info","timestamp":"2021-07-03T07:29:01.673Z"}
{"message":"server started on port 5000","level":"info","timestamp":"2021-07-03T07:29:20.200Z"}
{"message":"We are connected to the database","level":"info","timestamp":"2021-07-03T07:29:20.272Z"}
{"message":"server started on port 5000","level":"info","timestamp":"2021-07-03T07:35:29.106Z"}
{"message":"We are connected to the database","level":"info","timestamp":"2021-07-03T07:35:29.211Z"}
{"message":"JWT: jwt expired","level":"error","timestamp":"2021-07-03T08:58:51.191Z"}
{"message":"Error occured: TypeError: Cannot read property 'split' of undefined","level":"error","timestamp":"2021-07-03T08:59:20.423Z"}
{"message":"server started on port 5000","level":"info","timestamp":"2021-07-03T09:11:57.406Z"}
{"message":"We are connected to the database","level":"info","timestamp":"2021-07-03T09:11:57.486Z"}
{"message":"server started on port 5000","level":"info","timestamp":"2021-07-03T09:13:16.191Z"}
{"message":"We are connected to the database","level":"info","timestamp":"2021-07-03T09:13:16.286Z"}
{"message":"server started on port 5000","level":"info","timestamp":"2021-07-03T09:13:35.214Z"}
{"message":"We are connected to the database","level":"info","timestamp":"2021-07-03T09:13:35.285Z"}
{"message":"server started on port 5000","level":"info","timestamp":"2021-07-03T09:13:49.422Z"}
{"message":"We are connected to the database","level":"info","timestamp":"2021-07-03T09:13:49.627Z"}
{"message":"server started on port 5000","level":"info","timestamp":"2021-07-03T09:19:27.066Z"}
{"message":"We are connected to the database","level":"info","timestamp":"2021-07-03T09:19:27.127Z"}
{"message":"server started on port 5000","level":"info","timestamp":"2021-07-03T09:34:40.693Z"}
{"message":"We are connected to the database","level":"info","timestamp":"2021-07-03T09:34:40.792Z"}
{"message":"server started on port 5000","level":"info","timestamp":"2021-07-03T09:34:46.572Z"}
{"message":"We are connected to the database","level":"info","timestamp":"2021-07-03T09:34:46.637Z"}
{"message":"SIGINT RECEIVED. Shutting down gracefully","level":"warn","timestamp":"2021-07-03T10:49:33.544Z"}
{"message":"💥 Process terminated!","level":"info","timestamp":"2021-07-03T10:49:33.567Z"}
